[2022-12-07 12:56:19] local.INFO: Login start: isNothiLogin = 0  
[2022-12-07 12:56:19] local.ERROR: include(G:\xampp\htdocs\microservices_test\auth-service\vendor\composer/../../app/Library/RestService.php): failed to open stream: No such file or directory {"exception":"[object] (ErrorException(code: 0): include(G:\\xampp\\htdocs\\microservices_test\\auth-service\\vendor\\composer/../../app/Library/RestService.php): failed to open stream: No such file or directory at G:\\xampp\\htdocs\\microservices_test\\auth-service\\vendor\\composer\\ClassLoader.php:480)
[stacktrace]
#0 G:\\xampp\\htdocs\\microservices_test\\auth-service\\vendor\\composer\\ClassLoader.php(480): Laravel\\Lumen\\Application->Laravel\\Lumen\\Concerns\\{closure}(2, 'include(G:\\\\xamp...', 'G:\\\\xampp\\\\htdocs...', 480, Array)
#1 G:\\xampp\\htdocs\\microservices_test\\auth-service\\vendor\\composer\\ClassLoader.php(480): include()
#2 G:\\xampp\\htdocs\\microservices_test\\auth-service\\vendor\\composer\\ClassLoader.php(346): Composer\\Autoload\\includeFile('G:\\\\xampp\\\\htdocs...')
#3 [internal function]: Composer\\Autoload\\ClassLoader->loadClass('App\\\\Library\\\\Res...')
#4 G:\\xampp\\htdocs\\microservices_test\\auth-service\\app\\Library\\CommonInfo.php(82): spl_autoload_call('App\\\\Library\\\\Res...')
#5 G:\\xampp\\htdocs\\microservices_test\\auth-service\\app\\Library\\CommonInfo.php(58): App\\Library\\CommonInfo::getOrgAdminUserOfficeDetail(1)
#6 G:\\xampp\\htdocs\\microservices_test\\auth-service\\app\\Http\\Controllers\\AuthController.php(131): App\\Library\\CommonInfo::authUserDetail(Object(App\\Models\\User))
#7 G:\\xampp\\htdocs\\microservices_test\\auth-service\\app\\Http\\Controllers\\AuthController.php(56): App\\Http\\Controllers\\AuthController->setToken(Object(App\\Models\\User))
#8 G:\\xampp\\htdocs\\microservices_test\\auth-service\\app\\Http\\Controllers\\AuthController.php(32): App\\Http\\Controllers\\AuthController->loginWithCredential(Object(Laravel\\Lumen\\Http\\Request))
#9 G:\\xampp\\htdocs\\microservices_test\\auth-service\\vendor\\illuminate\\container\\BoundMethod.php(36): App\\Http\\Controllers\\AuthController->login(Object(Laravel\\Lumen\\Http\\Request))
#10 G:\\xampp\\htdocs\\microservices_test\\auth-service\\vendor\\illuminate\\container\\Util.php(40): Illuminate\\Container\\BoundMethod::Illuminate\\Container\\{closure}()
#11 G:\\xampp\\htdocs\\microservices_test\\auth-service\\vendor\\illuminate\\container\\BoundMethod.php(93): Illuminate\\Container\\Util::unwrapIfClosure(Object(Closure))
#12 G:\\xampp\\htdocs\\microservices_test\\auth-service\\vendor\\illuminate\\container\\BoundMethod.php(37): Illuminate\\Container\\BoundMethod::callBoundMethod(Object(Laravel\\Lumen\\Application), Array, Object(Closure))
#13 G:\\xampp\\htdocs\\microservices_test\\auth-service\\vendor\\illuminate\\container\\Container.php(651): Illuminate\\Container\\BoundMethod::call(Object(Laravel\\Lumen\\Application), Array, Array, NULL)
#14 G:\\xampp\\htdocs\\microservices_test\\auth-service\\vendor\\laravel\\lumen-framework\\src\\Concerns\\RoutesRequests.php(386): Illuminate\\Container\\Container->call(Array, Array)
#15 G:\\xampp\\htdocs\\microservices_test\\auth-service\\vendor\\laravel\\lumen-framework\\src\\Concerns\\RoutesRequests.php(352): Laravel\\Lumen\\Application->callControllerCallable(Array, Array)
#16 G:\\xampp\\htdocs\\microservices_test\\auth-service\\vendor\\laravel\\lumen-framework\\src\\Concerns\\RoutesRequests.php(326): Laravel\\Lumen\\Application->callLumenController(Object(App\\Http\\Controllers\\AuthController), 'login', Array)
#17 G:\\xampp\\htdocs\\microservices_test\\auth-service\\vendor\\laravel\\lumen-framework\\src\\Concerns\\RoutesRequests.php(279): Laravel\\Lumen\\Application->callControllerAction(Array)
#18 G:\\xampp\\htdocs\\microservices_test\\auth-service\\vendor\\laravel\\lumen-framework\\src\\Concerns\\RoutesRequests.php(264): Laravel\\Lumen\\Application->callActionOnArrayBasedRoute(Array)
#19 G:\\xampp\\htdocs\\microservices_test\\auth-service\\vendor\\laravel\\lumen-framework\\src\\Concerns\\RoutesRequests.php(166): Laravel\\Lumen\\Application->handleFoundRoute(Array)
#20 G:\\xampp\\htdocs\\microservices_test\\auth-service\\vendor\\laravel\\lumen-framework\\src\\Routing\\Pipeline.php(48): Laravel\\Lumen\\Application->Laravel\\Lumen\\Concerns\\{closure}(Object(Laravel\\Lumen\\Http\\Request))
#21 G:\\xampp\\htdocs\\microservices_test\\auth-service\\vendor\\fruitcake\\laravel-cors\\src\\HandleCors.php(52): Laravel\\Lumen\\Routing\\Pipeline->Laravel\\Lumen\\Routing\\{closure}(Object(Laravel\\Lumen\\Http\\Request))
#22 G:\\xampp\\htdocs\\microservices_test\\auth-service\\vendor\\illuminate\\pipeline\\Pipeline.php(167): Fruitcake\\Cors\\HandleCors->handle(Object(Laravel\\Lumen\\Http\\Request), Object(Closure))
#23 G:\\xampp\\htdocs\\microservices_test\\auth-service\\vendor\\laravel\\lumen-framework\\src\\Routing\\Pipeline.php(30): Illuminate\\Pipeline\\Pipeline->Illuminate\\Pipeline\\{closure}(Object(Laravel\\Lumen\\Http\\Request))
#24 G:\\xampp\\htdocs\\microservices_test\\auth-service\\vendor\\illuminate\\pipeline\\Pipeline.php(103): Laravel\\Lumen\\Routing\\Pipeline->Laravel\\Lumen\\Routing\\{closure}(Object(Laravel\\Lumen\\Http\\Request))
#25 G:\\xampp\\htdocs\\microservices_test\\auth-service\\vendor\\laravel\\lumen-framework\\src\\Concerns\\RoutesRequests.php(423): Illuminate\\Pipeline\\Pipeline->then(Object(Closure))
#26 G:\\xampp\\htdocs\\microservices_test\\auth-service\\vendor\\laravel\\lumen-framework\\src\\Concerns\\RoutesRequests.php(172): Laravel\\Lumen\\Application->sendThroughPipeline(Array, Object(Closure))
#27 G:\\xampp\\htdocs\\microservices_test\\auth-service\\vendor\\laravel\\lumen-framework\\src\\Concerns\\RoutesRequests.php(109): Laravel\\Lumen\\Application->dispatch(NULL)
#28 G:\\xampp\\htdocs\\microservices_test\\auth-service\\public\\index.php(28): Laravel\\Lumen\\Application->run()
#29 {main}
"} 
[2022-12-07 12:56:23] local.INFO: Login start: isNothiLogin = 0  
[2022-12-07 12:56:24] local.ERROR: include(G:\xampp\htdocs\microservices_test\auth-service\vendor\composer/../../app/Library/RestService.php): failed to open stream: No such file or directory {"exception":"[object] (ErrorException(code: 0): include(G:\\xampp\\htdocs\\microservices_test\\auth-service\\vendor\\composer/../../app/Library/RestService.php): failed to open stream: No such file or directory at G:\\xampp\\htdocs\\microservices_test\\auth-service\\vendor\\composer\\ClassLoader.php:480)
[stacktrace]
#0 G:\\xampp\\htdocs\\microservices_test\\auth-service\\vendor\\composer\\ClassLoader.php(480): Laravel\\Lumen\\Application->Laravel\\Lumen\\Concerns\\{closure}(2, 'include(G:\\\\xamp...', 'G:\\\\xampp\\\\htdocs...', 480, Array)
#1 G:\\xampp\\htdocs\\microservices_test\\auth-service\\vendor\\composer\\ClassLoader.php(480): include()
#2 G:\\xampp\\htdocs\\microservices_test\\auth-service\\vendor\\composer\\ClassLoader.php(346): Composer\\Autoload\\includeFile('G:\\\\xampp\\\\htdocs...')
#3 [internal function]: Composer\\Autoload\\ClassLoader->loadClass('App\\\\Library\\\\Res...')
#4 G:\\xampp\\htdocs\\microservices_test\\auth-service\\app\\Library\\CommonInfo.php(82): spl_autoload_call('App\\\\Library\\\\Res...')
#5 G:\\xampp\\htdocs\\microservices_test\\auth-service\\app\\Library\\CommonInfo.php(58): App\\Library\\CommonInfo::getOrgAdminUserOfficeDetail(1)
#6 G:\\xampp\\htdocs\\microservices_test\\auth-service\\app\\Http\\Controllers\\AuthController.php(131): App\\Library\\CommonInfo::authUserDetail(Object(App\\Models\\User))
#7 G:\\xampp\\htdocs\\microservices_test\\auth-service\\app\\Http\\Controllers\\AuthController.php(56): App\\Http\\Controllers\\AuthController->setToken(Object(App\\Models\\User))
#8 G:\\xampp\\htdocs\\microservices_test\\auth-service\\app\\Http\\Controllers\\AuthController.php(32): App\\Http\\Controllers\\AuthController->loginWithCredential(Object(Laravel\\Lumen\\Http\\Request))
#9 G:\\xampp\\htdocs\\microservices_test\\auth-service\\vendor\\illuminate\\container\\BoundMethod.php(36): App\\Http\\Controllers\\AuthController->login(Object(Laravel\\Lumen\\Http\\Request))
#10 G:\\xampp\\htdocs\\microservices_test\\auth-service\\vendor\\illuminate\\container\\Util.php(40): Illuminate\\Container\\BoundMethod::Illuminate\\Container\\{closure}()
#11 G:\\xampp\\htdocs\\microservices_test\\auth-service\\vendor\\illuminate\\container\\BoundMethod.php(93): Illuminate\\Container\\Util::unwrapIfClosure(Object(Closure))
#12 G:\\xampp\\htdocs\\microservices_test\\auth-service\\vendor\\illuminate\\container\\BoundMethod.php(37): Illuminate\\Container\\BoundMethod::callBoundMethod(Object(Laravel\\Lumen\\Application), Array, Object(Closure))
#13 G:\\xampp\\htdocs\\microservices_test\\auth-service\\vendor\\illuminate\\container\\Container.php(651): Illuminate\\Container\\BoundMethod::call(Object(Laravel\\Lumen\\Application), Array, Array, NULL)
#14 G:\\xampp\\htdocs\\microservices_test\\auth-service\\vendor\\laravel\\lumen-framework\\src\\Concerns\\RoutesRequests.php(386): Illuminate\\Container\\Container->call(Array, Array)
#15 G:\\xampp\\htdocs\\microservices_test\\auth-service\\vendor\\laravel\\lumen-framework\\src\\Concerns\\RoutesRequests.php(352): Laravel\\Lumen\\Application->callControllerCallable(Array, Array)
#16 G:\\xampp\\htdocs\\microservices_test\\auth-service\\vendor\\laravel\\lumen-framework\\src\\Concerns\\RoutesRequests.php(326): Laravel\\Lumen\\Application->callLumenController(Object(App\\Http\\Controllers\\AuthController), 'login', Array)
#17 G:\\xampp\\htdocs\\microservices_test\\auth-service\\vendor\\laravel\\lumen-framework\\src\\Concerns\\RoutesRequests.php(279): Laravel\\Lumen\\Application->callControllerAction(Array)
#18 G:\\xampp\\htdocs\\microservices_test\\auth-service\\vendor\\laravel\\lumen-framework\\src\\Concerns\\RoutesRequests.php(264): Laravel\\Lumen\\Application->callActionOnArrayBasedRoute(Array)
#19 G:\\xampp\\htdocs\\microservices_test\\auth-service\\vendor\\laravel\\lumen-framework\\src\\Concerns\\RoutesRequests.php(166): Laravel\\Lumen\\Application->handleFoundRoute(Array)
#20 G:\\xampp\\htdocs\\microservices_test\\auth-service\\vendor\\laravel\\lumen-framework\\src\\Routing\\Pipeline.php(48): Laravel\\Lumen\\Application->Laravel\\Lumen\\Concerns\\{closure}(Object(Laravel\\Lumen\\Http\\Request))
#21 G:\\xampp\\htdocs\\microservices_test\\auth-service\\vendor\\fruitcake\\laravel-cors\\src\\HandleCors.php(52): Laravel\\Lumen\\Routing\\Pipeline->Laravel\\Lumen\\Routing\\{closure}(Object(Laravel\\Lumen\\Http\\Request))
#22 G:\\xampp\\htdocs\\microservices_test\\auth-service\\vendor\\illuminate\\pipeline\\Pipeline.php(167): Fruitcake\\Cors\\HandleCors->handle(Object(Laravel\\Lumen\\Http\\Request), Object(Closure))
#23 G:\\xampp\\htdocs\\microservices_test\\auth-service\\vendor\\laravel\\lumen-framework\\src\\Routing\\Pipeline.php(30): Illuminate\\Pipeline\\Pipeline->Illuminate\\Pipeline\\{closure}(Object(Laravel\\Lumen\\Http\\Request))
#24 G:\\xampp\\htdocs\\microservices_test\\auth-service\\vendor\\illuminate\\pipeline\\Pipeline.php(103): Laravel\\Lumen\\Routing\\Pipeline->Laravel\\Lumen\\Routing\\{closure}(Object(Laravel\\Lumen\\Http\\Request))
#25 G:\\xampp\\htdocs\\microservices_test\\auth-service\\vendor\\laravel\\lumen-framework\\src\\Concerns\\RoutesRequests.php(423): Illuminate\\Pipeline\\Pipeline->then(Object(Closure))
#26 G:\\xampp\\htdocs\\microservices_test\\auth-service\\vendor\\laravel\\lumen-framework\\src\\Concerns\\RoutesRequests.php(172): Laravel\\Lumen\\Application->sendThroughPipeline(Array, Object(Closure))
#27 G:\\xampp\\htdocs\\microservices_test\\auth-service\\vendor\\laravel\\lumen-framework\\src\\Concerns\\RoutesRequests.php(109): Laravel\\Lumen\\Application->dispatch(NULL)
#28 G:\\xampp\\htdocs\\microservices_test\\auth-service\\public\\index.php(28): Laravel\\Lumen\\Application->run()
#29 {main}
"} 
[2022-12-07 12:56:25] local.INFO: Login start: isNothiLogin = 0  
[2022-12-07 12:56:25] local.ERROR: include(G:\xampp\htdocs\microservices_test\auth-service\vendor\composer/../../app/Library/RestService.php): failed to open stream: No such file or directory {"exception":"[object] (ErrorException(code: 0): include(G:\\xampp\\htdocs\\microservices_test\\auth-service\\vendor\\composer/../../app/Library/RestService.php): failed to open stream: No such file or directory at G:\\xampp\\htdocs\\microservices_test\\auth-service\\vendor\\composer\\ClassLoader.php:480)
[stacktrace]
#0 G:\\xampp\\htdocs\\microservices_test\\auth-service\\vendor\\composer\\ClassLoader.php(480): Laravel\\Lumen\\Application->Laravel\\Lumen\\Concerns\\{closure}(2, 'include(G:\\\\xamp...', 'G:\\\\xampp\\\\htdocs...', 480, Array)
#1 G:\\xampp\\htdocs\\microservices_test\\auth-service\\vendor\\composer\\ClassLoader.php(480): include()
#2 G:\\xampp\\htdocs\\microservices_test\\auth-service\\vendor\\composer\\ClassLoader.php(346): Composer\\Autoload\\includeFile('G:\\\\xampp\\\\htdocs...')
#3 [internal function]: Composer\\Autoload\\ClassLoader->loadClass('App\\\\Library\\\\Res...')
#4 G:\\xampp\\htdocs\\microservices_test\\auth-service\\app\\Library\\CommonInfo.php(82): spl_autoload_call('App\\\\Library\\\\Res...')
#5 G:\\xampp\\htdocs\\microservices_test\\auth-service\\app\\Library\\CommonInfo.php(58): App\\Library\\CommonInfo::getOrgAdminUserOfficeDetail(1)
#6 G:\\xampp\\htdocs\\microservices_test\\auth-service\\app\\Http\\Controllers\\AuthController.php(131): App\\Library\\CommonInfo::authUserDetail(Object(App\\Models\\User))
#7 G:\\xampp\\htdocs\\microservices_test\\auth-service\\app\\Http\\Controllers\\AuthController.php(56): App\\Http\\Controllers\\AuthController->setToken(Object(App\\Models\\User))
#8 G:\\xampp\\htdocs\\microservices_test\\auth-service\\app\\Http\\Controllers\\AuthController.php(32): App\\Http\\Controllers\\AuthController->loginWithCredential(Object(Laravel\\Lumen\\Http\\Request))
#9 G:\\xampp\\htdocs\\microservices_test\\auth-service\\vendor\\illuminate\\container\\BoundMethod.php(36): App\\Http\\Controllers\\AuthController->login(Object(Laravel\\Lumen\\Http\\Request))
#10 G:\\xampp\\htdocs\\microservices_test\\auth-service\\vendor\\illuminate\\container\\Util.php(40): Illuminate\\Container\\BoundMethod::Illuminate\\Container\\{closure}()
#11 G:\\xampp\\htdocs\\microservices_test\\auth-service\\vendor\\illuminate\\container\\BoundMethod.php(93): Illuminate\\Container\\Util::unwrapIfClosure(Object(Closure))
#12 G:\\xampp\\htdocs\\microservices_test\\auth-service\\vendor\\illuminate\\container\\BoundMethod.php(37): Illuminate\\Container\\BoundMethod::callBoundMethod(Object(Laravel\\Lumen\\Application), Array, Object(Closure))
#13 G:\\xampp\\htdocs\\microservices_test\\auth-service\\vendor\\illuminate\\container\\Container.php(651): Illuminate\\Container\\BoundMethod::call(Object(Laravel\\Lumen\\Application), Array, Array, NULL)
#14 G:\\xampp\\htdocs\\microservices_test\\auth-service\\vendor\\laravel\\lumen-framework\\src\\Concerns\\RoutesRequests.php(386): Illuminate\\Container\\Container->call(Array, Array)
#15 G:\\xampp\\htdocs\\microservices_test\\auth-service\\vendor\\laravel\\lumen-framework\\src\\Concerns\\RoutesRequests.php(352): Laravel\\Lumen\\Application->callControllerCallable(Array, Array)
#16 G:\\xampp\\htdocs\\microservices_test\\auth-service\\vendor\\laravel\\lumen-framework\\src\\Concerns\\RoutesRequests.php(326): Laravel\\Lumen\\Application->callLumenController(Object(App\\Http\\Controllers\\AuthController), 'login', Array)
#17 G:\\xampp\\htdocs\\microservices_test\\auth-service\\vendor\\laravel\\lumen-framework\\src\\Concerns\\RoutesRequests.php(279): Laravel\\Lumen\\Application->callControllerAction(Array)
#18 G:\\xampp\\htdocs\\microservices_test\\auth-service\\vendor\\laravel\\lumen-framework\\src\\Concerns\\RoutesRequests.php(264): Laravel\\Lumen\\Application->callActionOnArrayBasedRoute(Array)
#19 G:\\xampp\\htdocs\\microservices_test\\auth-service\\vendor\\laravel\\lumen-framework\\src\\Concerns\\RoutesRequests.php(166): Laravel\\Lumen\\Application->handleFoundRoute(Array)
#20 G:\\xampp\\htdocs\\microservices_test\\auth-service\\vendor\\laravel\\lumen-framework\\src\\Routing\\Pipeline.php(48): Laravel\\Lumen\\Application->Laravel\\Lumen\\Concerns\\{closure}(Object(Laravel\\Lumen\\Http\\Request))
#21 G:\\xampp\\htdocs\\microservices_test\\auth-service\\vendor\\fruitcake\\laravel-cors\\src\\HandleCors.php(52): Laravel\\Lumen\\Routing\\Pipeline->Laravel\\Lumen\\Routing\\{closure}(Object(Laravel\\Lumen\\Http\\Request))
#22 G:\\xampp\\htdocs\\microservices_test\\auth-service\\vendor\\illuminate\\pipeline\\Pipeline.php(167): Fruitcake\\Cors\\HandleCors->handle(Object(Laravel\\Lumen\\Http\\Request), Object(Closure))
#23 G:\\xampp\\htdocs\\microservices_test\\auth-service\\vendor\\laravel\\lumen-framework\\src\\Routing\\Pipeline.php(30): Illuminate\\Pipeline\\Pipeline->Illuminate\\Pipeline\\{closure}(Object(Laravel\\Lumen\\Http\\Request))
#24 G:\\xampp\\htdocs\\microservices_test\\auth-service\\vendor\\illuminate\\pipeline\\Pipeline.php(103): Laravel\\Lumen\\Routing\\Pipeline->Laravel\\Lumen\\Routing\\{closure}(Object(Laravel\\Lumen\\Http\\Request))
#25 G:\\xampp\\htdocs\\microservices_test\\auth-service\\vendor\\laravel\\lumen-framework\\src\\Concerns\\RoutesRequests.php(423): Illuminate\\Pipeline\\Pipeline->then(Object(Closure))
#26 G:\\xampp\\htdocs\\microservices_test\\auth-service\\vendor\\laravel\\lumen-framework\\src\\Concerns\\RoutesRequests.php(172): Laravel\\Lumen\\Application->sendThroughPipeline(Array, Object(Closure))
#27 G:\\xampp\\htdocs\\microservices_test\\auth-service\\vendor\\laravel\\lumen-framework\\src\\Concerns\\RoutesRequests.php(109): Laravel\\Lumen\\Application->dispatch(NULL)
#28 G:\\xampp\\htdocs\\microservices_test\\auth-service\\public\\index.php(28): Laravel\\Lumen\\Application->run()
#29 {main}
"} 
[2022-12-07 12:56:26] local.INFO: Login start: isNothiLogin = 0  
[2022-12-07 12:56:26] local.ERROR: include(G:\xampp\htdocs\microservices_test\auth-service\vendor\composer/../../app/Library/RestService.php): failed to open stream: No such file or directory {"exception":"[object] (ErrorException(code: 0): include(G:\\xampp\\htdocs\\microservices_test\\auth-service\\vendor\\composer/../../app/Library/RestService.php): failed to open stream: No such file or directory at G:\\xampp\\htdocs\\microservices_test\\auth-service\\vendor\\composer\\ClassLoader.php:480)
[stacktrace]
#0 G:\\xampp\\htdocs\\microservices_test\\auth-service\\vendor\\composer\\ClassLoader.php(480): Laravel\\Lumen\\Application->Laravel\\Lumen\\Concerns\\{closure}(2, 'include(G:\\\\xamp...', 'G:\\\\xampp\\\\htdocs...', 480, Array)
#1 G:\\xampp\\htdocs\\microservices_test\\auth-service\\vendor\\composer\\ClassLoader.php(480): include()
#2 G:\\xampp\\htdocs\\microservices_test\\auth-service\\vendor\\composer\\ClassLoader.php(346): Composer\\Autoload\\includeFile('G:\\\\xampp\\\\htdocs...')
#3 [internal function]: Composer\\Autoload\\ClassLoader->loadClass('App\\\\Library\\\\Res...')
#4 G:\\xampp\\htdocs\\microservices_test\\auth-service\\app\\Library\\CommonInfo.php(82): spl_autoload_call('App\\\\Library\\\\Res...')
#5 G:\\xampp\\htdocs\\microservices_test\\auth-service\\app\\Library\\CommonInfo.php(58): App\\Library\\CommonInfo::getOrgAdminUserOfficeDetail(1)
#6 G:\\xampp\\htdocs\\microservices_test\\auth-service\\app\\Http\\Controllers\\AuthController.php(131): App\\Library\\CommonInfo::authUserDetail(Object(App\\Models\\User))
#7 G:\\xampp\\htdocs\\microservices_test\\auth-service\\app\\Http\\Controllers\\AuthController.php(56): App\\Http\\Controllers\\AuthController->setToken(Object(App\\Models\\User))
#8 G:\\xampp\\htdocs\\microservices_test\\auth-service\\app\\Http\\Controllers\\AuthController.php(32): App\\Http\\Controllers\\AuthController->loginWithCredential(Object(Laravel\\Lumen\\Http\\Request))
#9 G:\\xampp\\htdocs\\microservices_test\\auth-service\\vendor\\illuminate\\container\\BoundMethod.php(36): App\\Http\\Controllers\\AuthController->login(Object(Laravel\\Lumen\\Http\\Request))
#10 G:\\xampp\\htdocs\\microservices_test\\auth-service\\vendor\\illuminate\\container\\Util.php(40): Illuminate\\Container\\BoundMethod::Illuminate\\Container\\{closure}()
#11 G:\\xampp\\htdocs\\microservices_test\\auth-service\\vendor\\illuminate\\container\\BoundMethod.php(93): Illuminate\\Container\\Util::unwrapIfClosure(Object(Closure))
#12 G:\\xampp\\htdocs\\microservices_test\\auth-service\\vendor\\illuminate\\container\\BoundMethod.php(37): Illuminate\\Container\\BoundMethod::callBoundMethod(Object(Laravel\\Lumen\\Application), Array, Object(Closure))
#13 G:\\xampp\\htdocs\\microservices_test\\auth-service\\vendor\\illuminate\\container\\Container.php(651): Illuminate\\Container\\BoundMethod::call(Object(Laravel\\Lumen\\Application), Array, Array, NULL)
#14 G:\\xampp\\htdocs\\microservices_test\\auth-service\\vendor\\laravel\\lumen-framework\\src\\Concerns\\RoutesRequests.php(386): Illuminate\\Container\\Container->call(Array, Array)
#15 G:\\xampp\\htdocs\\microservices_test\\auth-service\\vendor\\laravel\\lumen-framework\\src\\Concerns\\RoutesRequests.php(352): Laravel\\Lumen\\Application->callControllerCallable(Array, Array)
#16 G:\\xampp\\htdocs\\microservices_test\\auth-service\\vendor\\laravel\\lumen-framework\\src\\Concerns\\RoutesRequests.php(326): Laravel\\Lumen\\Application->callLumenController(Object(App\\Http\\Controllers\\AuthController), 'login', Array)
#17 G:\\xampp\\htdocs\\microservices_test\\auth-service\\vendor\\laravel\\lumen-framework\\src\\Concerns\\RoutesRequests.php(279): Laravel\\Lumen\\Application->callControllerAction(Array)
#18 G:\\xampp\\htdocs\\microservices_test\\auth-service\\vendor\\laravel\\lumen-framework\\src\\Concerns\\RoutesRequests.php(264): Laravel\\Lumen\\Application->callActionOnArrayBasedRoute(Array)
#19 G:\\xampp\\htdocs\\microservices_test\\auth-service\\vendor\\laravel\\lumen-framework\\src\\Concerns\\RoutesRequests.php(166): Laravel\\Lumen\\Application->handleFoundRoute(Array)
#20 G:\\xampp\\htdocs\\microservices_test\\auth-service\\vendor\\laravel\\lumen-framework\\src\\Routing\\Pipeline.php(48): Laravel\\Lumen\\Application->Laravel\\Lumen\\Concerns\\{closure}(Object(Laravel\\Lumen\\Http\\Request))
#21 G:\\xampp\\htdocs\\microservices_test\\auth-service\\vendor\\fruitcake\\laravel-cors\\src\\HandleCors.php(52): Laravel\\Lumen\\Routing\\Pipeline->Laravel\\Lumen\\Routing\\{closure}(Object(Laravel\\Lumen\\Http\\Request))
#22 G:\\xampp\\htdocs\\microservices_test\\auth-service\\vendor\\illuminate\\pipeline\\Pipeline.php(167): Fruitcake\\Cors\\HandleCors->handle(Object(Laravel\\Lumen\\Http\\Request), Object(Closure))
#23 G:\\xampp\\htdocs\\microservices_test\\auth-service\\vendor\\laravel\\lumen-framework\\src\\Routing\\Pipeline.php(30): Illuminate\\Pipeline\\Pipeline->Illuminate\\Pipeline\\{closure}(Object(Laravel\\Lumen\\Http\\Request))
#24 G:\\xampp\\htdocs\\microservices_test\\auth-service\\vendor\\illuminate\\pipeline\\Pipeline.php(103): Laravel\\Lumen\\Routing\\Pipeline->Laravel\\Lumen\\Routing\\{closure}(Object(Laravel\\Lumen\\Http\\Request))
#25 G:\\xampp\\htdocs\\microservices_test\\auth-service\\vendor\\laravel\\lumen-framework\\src\\Concerns\\RoutesRequests.php(423): Illuminate\\Pipeline\\Pipeline->then(Object(Closure))
#26 G:\\xampp\\htdocs\\microservices_test\\auth-service\\vendor\\laravel\\lumen-framework\\src\\Concerns\\RoutesRequests.php(172): Laravel\\Lumen\\Application->sendThroughPipeline(Array, Object(Closure))
#27 G:\\xampp\\htdocs\\microservices_test\\auth-service\\vendor\\laravel\\lumen-framework\\src\\Concerns\\RoutesRequests.php(109): Laravel\\Lumen\\Application->dispatch(NULL)
#28 G:\\xampp\\htdocs\\microservices_test\\auth-service\\public\\index.php(28): Laravel\\Lumen\\Application->run()
#29 {main}
"} 
[2022-12-07 12:56:39] local.INFO: Login start: isNothiLogin = 0  
[2022-12-07 12:56:39] local.ERROR: include(G:\xampp\htdocs\microservices_test\auth-service\vendor\composer/../../app/Library/RestService.php): failed to open stream: No such file or directory {"exception":"[object] (ErrorException(code: 0): include(G:\\xampp\\htdocs\\microservices_test\\auth-service\\vendor\\composer/../../app/Library/RestService.php): failed to open stream: No such file or directory at G:\\xampp\\htdocs\\microservices_test\\auth-service\\vendor\\composer\\ClassLoader.php:480)
[stacktrace]
#0 G:\\xampp\\htdocs\\microservices_test\\auth-service\\vendor\\composer\\ClassLoader.php(480): Laravel\\Lumen\\Application->Laravel\\Lumen\\Concerns\\{closure}(2, 'include(G:\\\\xamp...', 'G:\\\\xampp\\\\htdocs...', 480, Array)
#1 G:\\xampp\\htdocs\\microservices_test\\auth-service\\vendor\\composer\\ClassLoader.php(480): include()
#2 G:\\xampp\\htdocs\\microservices_test\\auth-service\\vendor\\composer\\ClassLoader.php(346): Composer\\Autoload\\includeFile('G:\\\\xampp\\\\htdocs...')
#3 [internal function]: Composer\\Autoload\\ClassLoader->loadClass('App\\\\Library\\\\Res...')
#4 G:\\xampp\\htdocs\\microservices_test\\auth-service\\app\\Library\\CommonInfo.php(82): spl_autoload_call('App\\\\Library\\\\Res...')
#5 G:\\xampp\\htdocs\\microservices_test\\auth-service\\app\\Library\\CommonInfo.php(58): App\\Library\\CommonInfo::getOrgAdminUserOfficeDetail(1)
#6 G:\\xampp\\htdocs\\microservices_test\\auth-service\\app\\Http\\Controllers\\AuthController.php(131): App\\Library\\CommonInfo::authUserDetail(Object(App\\Models\\User))
#7 G:\\xampp\\htdocs\\microservices_test\\auth-service\\app\\Http\\Controllers\\AuthController.php(56): App\\Http\\Controllers\\AuthController->setToken(Object(App\\Models\\User))
#8 G:\\xampp\\htdocs\\microservices_test\\auth-service\\app\\Http\\Controllers\\AuthController.php(32): App\\Http\\Controllers\\AuthController->loginWithCredential(Object(Laravel\\Lumen\\Http\\Request))
#9 G:\\xampp\\htdocs\\microservices_test\\auth-service\\vendor\\illuminate\\container\\BoundMethod.php(36): App\\Http\\Controllers\\AuthController->login(Object(Laravel\\Lumen\\Http\\Request))
#10 G:\\xampp\\htdocs\\microservices_test\\auth-service\\vendor\\illuminate\\container\\Util.php(40): Illuminate\\Container\\BoundMethod::Illuminate\\Container\\{closure}()
#11 G:\\xampp\\htdocs\\microservices_test\\auth-service\\vendor\\illuminate\\container\\BoundMethod.php(93): Illuminate\\Container\\Util::unwrapIfClosure(Object(Closure))
#12 G:\\xampp\\htdocs\\microservices_test\\auth-service\\vendor\\illuminate\\container\\BoundMethod.php(37): Illuminate\\Container\\BoundMethod::callBoundMethod(Object(Laravel\\Lumen\\Application), Array, Object(Closure))
#13 G:\\xampp\\htdocs\\microservices_test\\auth-service\\vendor\\illuminate\\container\\Container.php(651): Illuminate\\Container\\BoundMethod::call(Object(Laravel\\Lumen\\Application), Array, Array, NULL)
#14 G:\\xampp\\htdocs\\microservices_test\\auth-service\\vendor\\laravel\\lumen-framework\\src\\Concerns\\RoutesRequests.php(386): Illuminate\\Container\\Container->call(Array, Array)
#15 G:\\xampp\\htdocs\\microservices_test\\auth-service\\vendor\\laravel\\lumen-framework\\src\\Concerns\\RoutesRequests.php(352): Laravel\\Lumen\\Application->callControllerCallable(Array, Array)
#16 G:\\xampp\\htdocs\\microservices_test\\auth-service\\vendor\\laravel\\lumen-framework\\src\\Concerns\\RoutesRequests.php(326): Laravel\\Lumen\\Application->callLumenController(Object(App\\Http\\Controllers\\AuthController), 'login', Array)
#17 G:\\xampp\\htdocs\\microservices_test\\auth-service\\vendor\\laravel\\lumen-framework\\src\\Concerns\\RoutesRequests.php(279): Laravel\\Lumen\\Application->callControllerAction(Array)
#18 G:\\xampp\\htdocs\\microservices_test\\auth-service\\vendor\\laravel\\lumen-framework\\src\\Concerns\\RoutesRequests.php(264): Laravel\\Lumen\\Application->callActionOnArrayBasedRoute(Array)
#19 G:\\xampp\\htdocs\\microservices_test\\auth-service\\vendor\\laravel\\lumen-framework\\src\\Concerns\\RoutesRequests.php(166): Laravel\\Lumen\\Application->handleFoundRoute(Array)
#20 G:\\xampp\\htdocs\\microservices_test\\auth-service\\vendor\\laravel\\lumen-framework\\src\\Routing\\Pipeline.php(48): Laravel\\Lumen\\Application->Laravel\\Lumen\\Concerns\\{closure}(Object(Laravel\\Lumen\\Http\\Request))
#21 G:\\xampp\\htdocs\\microservices_test\\auth-service\\vendor\\fruitcake\\laravel-cors\\src\\HandleCors.php(52): Laravel\\Lumen\\Routing\\Pipeline->Laravel\\Lumen\\Routing\\{closure}(Object(Laravel\\Lumen\\Http\\Request))
#22 G:\\xampp\\htdocs\\microservices_test\\auth-service\\vendor\\illuminate\\pipeline\\Pipeline.php(167): Fruitcake\\Cors\\HandleCors->handle(Object(Laravel\\Lumen\\Http\\Request), Object(Closure))
#23 G:\\xampp\\htdocs\\microservices_test\\auth-service\\vendor\\laravel\\lumen-framework\\src\\Routing\\Pipeline.php(30): Illuminate\\Pipeline\\Pipeline->Illuminate\\Pipeline\\{closure}(Object(Laravel\\Lumen\\Http\\Request))
#24 G:\\xampp\\htdocs\\microservices_test\\auth-service\\vendor\\illuminate\\pipeline\\Pipeline.php(103): Laravel\\Lumen\\Routing\\Pipeline->Laravel\\Lumen\\Routing\\{closure}(Object(Laravel\\Lumen\\Http\\Request))
#25 G:\\xampp\\htdocs\\microservices_test\\auth-service\\vendor\\laravel\\lumen-framework\\src\\Concerns\\RoutesRequests.php(423): Illuminate\\Pipeline\\Pipeline->then(Object(Closure))
#26 G:\\xampp\\htdocs\\microservices_test\\auth-service\\vendor\\laravel\\lumen-framework\\src\\Concerns\\RoutesRequests.php(172): Laravel\\Lumen\\Application->sendThroughPipeline(Array, Object(Closure))
#27 G:\\xampp\\htdocs\\microservices_test\\auth-service\\vendor\\laravel\\lumen-framework\\src\\Concerns\\RoutesRequests.php(109): Laravel\\Lumen\\Application->dispatch(NULL)
#28 G:\\xampp\\htdocs\\microservices_test\\auth-service\\public\\index.php(28): Laravel\\Lumen\\Application->run()
#29 {main}
"} 
[2022-12-07 12:57:12] local.INFO: Login start: isNothiLogin = 0  
